<?xml version="1.0" encoding="UTF-8"?>
<!-- Generated by org.testng.reporters.JUnitReportReporter -->
<testsuite skipped="0" hostname="ICPL13370-Vaishali.local" name="com.automation.qa.Runner.IOSMobileRunner" tests="1" failures="0" timestamp="08 Nov 2019 13:14:15 GMT" time="9.581" errors="0">
  <testcase name="feature" time="9.581" classname="com.automation.qa.Runner.IOSMobileRunner"/>
</testsuite> <!-- com.automation.qa.Runner.IOSMobileRunner -->
